# utf-8
[HTTP]
--dpi-desync=fake,multisplit --dpi-desync-split-seqovl=2 --dpi-desync-split-pos=host+1 --dpi-desync-fake-http=0x0E0E0F0E --dpi-desync-fooling=md5sig 
--dpi-desync=fake,multisplit --dpi-desync-split-seqovl=2 --dpi-desync-split-pos=sld+1 --dpi-desync-fake-http=/opt/zapret/files/fake/http_fake_MS.bin --dpi-desync-fooling=md5sig --dup=2 --dup-fooling=md5sig --dup-cutoff=n3 


[HTTPS]
--dpi-desync=multidisorder --dpi-desync-split-pos=7,sld+1 --dpi-desync-fake-tls=0x0F0F0F0F --dpi-desync-fake-tls=/opt/zapret/files/fake/tls_clienthello_www_google_com.bin --dpi-desync-fake-tls-mod=rnd,dupsid,sni=www.google.com --dpi-desync-fooling=badseq --dpi-desync-autottl=2:2-12
--dpi-desync=fake,multidisorder --dpi-desync-fake-tls=0x00000000 --dpi-desync-fake-tls=! --dpi-desync-split-pos=2,midsld --dpi-desync-repeats=2 --dpi-desync-fooling=badseq --dpi-desync-fake-tls-mod=rnd,dupsid,sni=www.google.com
--dpi-desync=fake,multisplit --dpi-desync-fake-tls=0x00000000 --dpi-desync-fake-tls=! --dpi-desync-split-pos=2,midsld --dpi-desync-repeats=2 --dpi-desync-fooling=badseq --dpi-desync-fake-tls-mod=rnd,dupsid,sni=www.google.com
--dpi-desync=fake,multidisorder --dpi-desync-split-pos=2,midsld --dpi-desync-repeats=11 --dpi-desync-ttl=0 --dpi-desync-fooling=badseq,badsum --dpi-desync-fake-tls=0x00000000 --dpi-desync-fake-tls=! --dpi-desync-fake-tls-mod=rnd,rndsni,dupsid
--dpi-desync=fake --dpi-desync-ttl=3 --dpi-desync-fake-tls=0x00000000 --dpi-desync-fake-tls=! --dpi-desync-fake-tls-mod=rnd,rndsni,dupsid
--dpi-desync=multisplit --dpi-desync-split-seqovl=1 --dpi-desync-split-pos=sld+1 
--dpi-desync=split2 --dpi-desync-repeats=2 --dpi-desync-split-seqovl=681 --dpi-desync-split-pos=1 --dpi-desync-fooling=badseq,hopbyhop2 --dpi-desync-split-seqovl-pattern=/opt/zapret/files/fake/tls_clienthello_www_google_com.bin 
--dpi-desync=fake,multisplit --dpi-desync-split-pos=sld+1 --dpi-desync-fake-tls=0x0F0F0E0F --dpi-desync-fake-tls=/opt/zapret/files/fake/tls_clienthello_www_google_com.bin --dpi-desync-fake-tls-mod=rnd,dupsid --dpi-desync-fooling=md5sig --dpi-desync-autottl --dup=2 --dup-fooling=md5sig --dup-autottl --dup-cutoff=n3 
--ipcache-hostname --dpi-desync=syndata,fake,multisplit --dpi-desync-split-pos=sld+1 --dpi-desync-fake-syndata=/opt/zapret/files/fake/tls_clienthello_www_google_com.bin --dpi-desync-fake-tls=0x0F0F0E0F --dpi-desync-fake-tls=/opt/zapret/files/fake/tls_clienthello_www_google_com.bin --dpi-desync-fake-tls-mod=rnd,dupsid --dpi-desync-fooling=md5sig --dpi-desync-autottl --dup=2 --dup-fooling=md5sig --dup-autottl --dup-cutoff=n3 
--dpi-desync=fake,multidisorder --dpi-desync-split-pos=7,sld+1 --dpi-desync-fake-tls=0x0F0F0F0F --dpi-desync-fake-tls=/opt/zapret/files/fake/tls_clienthello_www_google_com.bin --dpi-desync-fake-tls-mod=rnd,dupsid,sni=fonts.google.com --dpi-desync-fooling=badseq --dpi-desync-autottl 
--ipcache-hostname --dpi-desync=syndata,multisplit --dpi-desync-split-seqovl=1 --dpi-desync-split-pos=1,sld+1,endsld-2 --dpi-desync-fake-syndata=/opt/zapret/files/fake/syn_packet.bin --dup=2 --dup-cutoff=n3 
--dpi-desync=fake --dpi-desync-autottl=2 --dpi-desync-repeats=6 --dpi-desync-fooling=badseq --dpi-desync-fake-tls=/opt/zapret/files/fake/tls_clienthello_www_google_com.bin 
--dpi-desync=fake --dpi-desync-repeats=6 --dpi-desync-fooling=md5sig --dpi-desync-fake-tls=/opt/zapret/files/fake/tls_clienthello_www_google_com.bin 
--dpi-desync=fake,multidisorder --dpi-desync-split-pos=midsld --dpi-desync-repeats=8 --dpi-desync-fooling=md5sig,badseq 
--dpi-desync=fake,split --dpi-desync-autottl=5 --dpi-desync-repeats=6 --dpi-desync-fooling=badseq --dpi-desync-fake-tls=/opt/zapret/files/fake/tls_clienthello_www_google_com.bin 
--dpi-desync=split2 --dpi-desync-split-seqovl=652 --dpi-desync-split-pos=2 --dpi-desync-split-seqovl-pattern=/opt/zapret/files/fake/tls_clienthello_www_google_com.bin 
--dpi-desync=split --dpi-desync-split-pos=1 --dpi-desync-autottl --dpi-desync-fooling=badseq --dpi-desync-repeats=8 
--dpi-desync=fake,split2 --dpi-desync-repeats=6 --dpi-desync-fooling=md5sig --dpi-desync-fake-tls=/opt/zapret/files/fake/tls_clienthello_www_google_com.bin 
--dpi-desync=fake --dpi-desync-fooling=md5sig --dpi-desync-fake-tls-mod=rnd,rndsni,padencap 
--dpi-desync=split --dpi-desync-split-pos=1 --dpi-desync-autottl --dpi-desync-fooling=badseq --dpi-desync-repeats=8 --dpi-desync-fake-tls-mod=rnd,dupsid,sni=www.google.com 
--dpi-desync=fake,split2 --dpi-desync-split-seqovl=681 --dpi-desync-split-pos=1 --dpi-desync-fooling=badseq --dpi-desync-repeats=8 --dpi-desync-split-seqovl-pattern=/opt/zapret/files/fake/tls_clienthello_www_google_com.bin --dpi-desync-fake-tls-mod=rnd,dupsid,sni=www.google.com 
--dpi-desync=fake,multidisorder --dpi-desync-split-pos=1,midsld --dpi-desync-repeats=11 --dpi-desync-fooling=md5sig --dpi-desync-fake-tls-mod=rnd,dupsid,sni=www.google.com 
--dpi-desync=fake,multidisorder --dpi-desync-split-pos=7,sld+1 --dpi-desync-fake-tls=0x0F0F0F0F --dpi-desync-fake-tls=/opt/zapret/files/fake/tls_clienthello_2.bin --dpi-desync-fake-tls-mod=rnd,dupsid,sni=fonts.google.com --dpi-desync-fooling=badseq --dpi-desync-autottl 2:2-12 
--dpi-desync=split2 --dpi-desync-repeats=2 --dpi-desync-split-seqovl=681 --dpi-desync-split-pos=1 --dpi-desync-fooling=badseq,hopbyhop2 --dpi-desync-split-seqovl-pattern=/opt/zapret/files/fake/tls_clienthello_www_google_com.bin 
--dpi-desync=fake,multisplit --dpi-desync-split-pos=sld+1 --dpi-desync-fake-tls=0x0F0F0E0F --dpi-desync-fake-tls=/opt/zapret/files/fake/tls_clienthello_14.bin --dpi-desync-fake-tls-mod=rnd,dupsid --dpi-desync-fooling=md5sig --dpi-desync-autottl --dup=2 --dup-fooling=md5sig --dup-autottl --dup-cutoff=n3 
--ipcache-hostname --dpi-desync=syndata,fake,multisplit --dpi-desync-split-pos=sld+1 --dpi-desync-fake-syndata=/opt/zapret/files/fake/tls_clienthello_7.bin --dpi-desync-fake-tls=0x0F0F0E0F --dpi-desync-fake-tls=/opt/zapret/files/fake/tls_clienthello_www_google_com.bin --dpi-desync-fake-tls-mod=rnd,dupsid --dpi-desync-fooling=md5sig --dpi-desync-autottl --dup=2 --dup-fooling=md5sig --dup-autottl --dup-cutoff=n3 
--dpi-desync=fake,multidisorder --dpi-desync-split-pos=7,sld+1 --dpi-desync-fake-tls=0x0F0F0F0F --dpi-desync-fake-tls=/opt/zapret/files/fake/tls_clienthello_4.bin --dpi-desync-fake-tls-mod=rnd,dupsid,sni=fonts.google.com --dpi-desync-fooling=badseq --dpi-desync-autottl 
--ipcache-hostname --dpi-desync=syndata,multisplit --dpi-desync-split-seqovl=1 --dpi-desync-split-pos=1,sld+1,endsld-2 --dpi-desync-fake-syndata=/opt/zapret/files/fake/syn_packet.bin --dup=2 --dup-cutoff=n3 
--dpi-desync=fake --dpi-desync-autottl=2 --dpi-desync-repeats=6 --dpi-desync-fooling=badseq --dpi-desync-fake-tls=/opt/zapret/files/fake/tls_clienthello_www_google_com.bin 
--dpi-desync=fake --dpi-desync-repeats=6 --dpi-desync-fooling=md5sig --dpi-desync-fake-tls=/opt/zapret/files/fake/tls_clienthello_www_google_com.bin 
--dpi-desync=fake,multidisorder --dpi-desync-split-pos=midsld --dpi-desync-repeats=8 --dpi-desync-fooling=md5sig,badseq 
--dpi-desync=fake,split --dpi-desync-autottl=5 --dpi-desync-repeats=6 --dpi-desync-fooling=badseq --dpi-desync-fake-tls=/opt/zapret/files/fake/tls_clienthello_www_google_com.bin 
--dpi-desync=split2 --dpi-desync-split-seqovl=652 --dpi-desync-split-pos=2 --dpi-desync-split-seqovl-pattern=/opt/zapret/files/fake/tls_clienthello_www_google_com.bin 
--dpi-desync=split --dpi-desync-split-pos=1 --dpi-desync-autottl --dpi-desync-fooling=badseq --dpi-desync-repeats=8 
--dpi-desync=fake,split2 --dpi-desync-repeats=6 --dpi-desync-fooling=md5sig --dpi-desync-fake-tls=/opt/zapret/files/fake/tls_clienthello_www_google_com.bin 
--dpi-desync=fake --dpi-desync-fooling=md5sig --dpi-desync-fake-tls-mod=rnd,rndsni,padencap 
--dpi-desync=split --dpi-desync-split-pos=1 --dpi-desync-autottl --dpi-desync-fooling=badseq --dpi-desync-repeats=8 --dpi-desync-fake-tls-mod=rnd,dupsid,sni=www.google.com 
--dpi-desync=fake,split2 --dpi-desync-split-seqovl=681 --dpi-desync-split-pos=1 --dpi-desync-fooling=badseq --dpi-desync-repeats=8 --dpi-desync-split-seqovl-pattern=/opt/zapret/files/fake/tls_clienthello_www_google_com.bin --dpi-desync-fake-tls-mod=rnd,dupsid,sni=www.google.com 
--dpi-desync=fake,multidisorder --dpi-desync-split-pos=1,midsld --dpi-desync-repeats=11 --dpi-desync-fooling=md5sig --dpi-desync-fake-tls-mod=rnd,dupsid,sni=www.google.com 
--dpi-desync=fakedsplit --dpi-desync-fooling=md5sig --dpi-desync-split-pos=1 
--dpi-desync=syndata --dpi-desync-fake-syndata=/opt/zapret/files/fake/syn_packet.bin --dup=2 --dup-cutoff=n3 
--dpi-desync=multisplit --dpi-desync-split-seqovl=1 --dpi-desync-split-pos=sld+1 
--dpi-desync=split2 --dpi-desync-repeats=2 --dpi-desync-split-seqovl=681 --dpi-desync-split-pos=1 --dpi-desync-fooling=badseq,hopbyhop2 --dpi-desync-split-seqovl-pattern=/opt/zapret/files/fake/tls_clienthello_www_google_com.bin 
--dpi-desync=multisplit --dpi-desync-split-seqovl=293 --dpi-desync-split-seqovl-pattern=/opt/zapret/files/fake/tls_clienthello_www_google_com.bin 
--dpi-desync-split-seqovl=211 --dpi-desync-split-seqovl-pattern=/opt/zapret/files/fake/tls_clienthello_www_google_com.bin 
--dpi-desync=multisplit --dpi-desync-split-seqovl=1 --dpi-desync-split-pos=sld+1 
--dpi-desync=fake,fakedsplit --dpi-desync-split-pos=1 --dpi-desync-fake-tls=/opt/zapret/files/fake/tls_clienthello_www_google_com.bin --dpi-desync-fooling=badseq --dpi-desync-autottl

[HTTP3]
--dpi-desync=fake,ipfrag2 --dpi-desync-fake-quic=/opt/zapret/files/fake/quic_initial_www_google_com.bin --dpi-desync-cutoff=n3 --dpi-desync-repeats=3
--dpi-desync=fake,udplen --dpi-desync-udplen-increment=4 --dpi-desync-fake-quic=/opt/zapret/files/fake/quic_initial_www_google_com.bin --dpi-desync-cutoff=n3 --dpi-desync-repeats=2
--dpi-desync=fake,udplen --dpi-desync-udplen-increment=8 --dpi-desync-udplen-pattern=0xFEA82025 --dpi-desync-fake-quic=/opt/zapret/files/fake/quic_initial_www_google_com.bin --dpi-desync-cutoff=n4 --dpi-desync-repeats=2
--dpi-desync=fake,udplen --dpi-desync-udplen-increment=25 --dpi-desync-fake-quic=/opt/zapret/files/fake/quic_initial_www_google_com.bin --dpi-desync-repeats=2 --dpi-desync-cutoff=n3 
--dpi-desync=fake --dpi-desync-fake-quic=/opt/zapret/files/fake/quic_initial_www_google_com.bin --dpi-desync-cutoff=n3 --dpi-desync-repeats=6 
--dpi-desync=fake --dpi-desync-repeats=6 --dpi-desync-fake-quic=/opt/zapret/files/fake/quic_initial_www_google_com.bin 
--dpi-desync=fake --dpi-desync-repeats=8 --dpi-desync-fake-quic=/opt/zapret/files/fake/quic_initial_www_google_com.bin 
--dpi-desync=fake --dpi-desync-repeats=11 --dpi-desync-fake-quic=/opt/zapret/files/fake/quic_initial_www_google_com.bin 
--dpi-desync=fake --dpi-desync-repeats=6 
--dpi-desync=fake,udplen --dpi-desync-udplen-increment=8 --dpi-desync-udplen-pattern=0x0F0F0E0F --dpi-desync-fake-quic=/opt/zapret/files/fake/quic_initial_www_google_com.bin --dpi-desync-cutoff=n3 --dpi-desync-repeats=2 

[END]
--filter-l7=discord,stun --dpi-desync=fake --dpi-desync-autottl --dup=2 --dup-autottl --dup-cutoff=n3 
